[0.097s] DEBUG:colcon:Command line arguments: ['/usr/bin/colcon', 'build', '--merge-install', '--symlink-install', '--cmake-args', '-DCMAKE_BUILD_TYPE=Release']
[0.097s] DEBUG:colcon:Parsed command line arguments: Namespace(log_base=None, log_level=None, verb_name='build', build_base='build', install_base='install', merge_install=True, symlink_install=True, test_result_base=None, continue_on_error=False, executor='parallel', parallel_workers=4, event_handlers=None, ignore_user_meta=False, metas=['./colcon.meta'], base_paths=['.'], packages_ignore=None, packages_ignore_regex=None, paths=None, packages_up_to=None, packages_up_to_regex=None, packages_above=None, packages_above_and_dependencies=None, packages_above_depth=None, packages_select_by_dep=None, packages_skip_by_dep=None, packages_skip_up_to=None, packages_select_build_failed=False, packages_skip_build_finished=False, packages_select_test_failures=False, packages_skip_test_passed=False, packages_select=None, packages_skip=None, packages_select_regex=None, packages_skip_regex=None, packages_start=None, packages_end=None, allow_overriding=[], cmake_args=['-DCMAKE_BUILD_TYPE=Release'], cmake_target=None, cmake_target_skip_unavailable=False, cmake_clean_cache=False, cmake_clean_first=False, cmake_force_configure=False, ament_cmake_args=None, catkin_cmake_args=None, catkin_skip_building_tests=False, mixin_files=None, mixin=None, verb_parser=<colcon_mixin.mixin.mixin_argument.MixinArgumentDecorator object at 0x7d9746b866b0>, verb_extension=<colcon_core.verb.build.BuildVerb object at 0x7d9746ca2c80>, main=<bound method BuildVerb.main of <colcon_core.verb.build.BuildVerb object at 0x7d9746ca2c80>>, mixin_verb=('build',))
[0.232s] Level 1:colcon.colcon_core.package_discovery:discover_packages(colcon_meta) check parameters
[0.232s] Level 1:colcon.colcon_core.package_discovery:discover_packages(recursive) check parameters
[0.232s] Level 1:colcon.colcon_core.package_discovery:discover_packages(ignore) check parameters
[0.232s] Level 1:colcon.colcon_core.package_discovery:discover_packages(path) check parameters
[0.232s] Level 1:colcon.colcon_core.package_discovery:discover_packages(colcon_meta) discover
[0.232s] Level 1:colcon.colcon_core.package_discovery:discover_packages(recursive) discover
[0.232s] INFO:colcon.colcon_core.package_discovery:Crawling recursively for packages in '/home/hata_ros/apps/dummy_ws/src/dummy_server'
[0.233s] Level 1:colcon.colcon_core.package_identification:_identify(.) by extensions ['ignore', 'ignore_ament_install']
[0.233s] Level 1:colcon.colcon_core.package_identification:_identify(.) by extension 'ignore'
[0.233s] Level 1:colcon.colcon_core.package_identification:_identify(.) by extension 'ignore_ament_install'
[0.233s] Level 1:colcon.colcon_core.package_identification:_identify(.) by extensions ['colcon_pkg']
[0.233s] Level 1:colcon.colcon_core.package_identification:_identify(.) by extension 'colcon_pkg'
[0.233s] Level 1:colcon.colcon_core.package_identification:_identify(.) by extensions ['colcon_meta']
[0.233s] Level 1:colcon.colcon_core.package_identification:_identify(.) by extension 'colcon_meta'
[0.233s] Level 1:colcon.colcon_core.package_identification:_identify(.) by extensions ['ros']
[0.233s] Level 1:colcon.colcon_core.package_identification:_identify(.) by extension 'ros'
[0.249s] DEBUG:colcon.colcon_core.package_identification:Package '.' with type 'ros.ament_cmake' and name 'pymoveit2'
[0.250s] Level 1:colcon.colcon_core.package_discovery:discover_packages(recursive) using defaults
[0.250s] Level 1:colcon.colcon_core.package_discovery:discover_packages(ignore) discover
[0.250s] Level 1:colcon.colcon_core.package_discovery:discover_packages(ignore) using defaults
[0.250s] Level 1:colcon.colcon_core.package_discovery:discover_packages(path) discover
[0.250s] Level 1:colcon.colcon_core.package_discovery:discover_packages(path) using defaults
[0.267s] Level 1:colcon.colcon_core.package_discovery:discover_packages(prefix_path) check parameters
[0.267s] Level 1:colcon.colcon_core.package_discovery:discover_packages(prefix_path) discover
[0.269s] DEBUG:colcon.colcon_installed_package_information.package_discovery:Found 4 installed packages in /home/hata_ros/apps/dummy_ws/install
[0.270s] DEBUG:colcon.colcon_installed_package_information.package_discovery:Found 55 installed packages in /home/hata_ros/apps/moveit_ws/install
[0.271s] DEBUG:colcon.colcon_installed_package_information.package_discovery:Found 20 installed packages in /home/hata_ros/apps/dev_ws/install
[0.273s] DEBUG:colcon.colcon_installed_package_information.package_discovery:Found 343 installed packages in /opt/ros/humble
[0.274s] Level 1:colcon.colcon_core.package_discovery:discover_packages(prefix_path) using defaults
[0.312s] Level 5:colcon.colcon_core.verb:set package 'pymoveit2' build argument 'cmake_args' from command line to '['-DCMAKE_BUILD_TYPE=Release']'
[0.312s] Level 5:colcon.colcon_core.verb:set package 'pymoveit2' build argument 'cmake_target' from command line to 'None'
[0.312s] Level 5:colcon.colcon_core.verb:set package 'pymoveit2' build argument 'cmake_target_skip_unavailable' from command line to 'False'
[0.312s] Level 5:colcon.colcon_core.verb:set package 'pymoveit2' build argument 'cmake_clean_cache' from command line to 'False'
[0.312s] Level 5:colcon.colcon_core.verb:set package 'pymoveit2' build argument 'cmake_clean_first' from command line to 'False'
[0.312s] Level 5:colcon.colcon_core.verb:set package 'pymoveit2' build argument 'cmake_force_configure' from command line to 'False'
[0.312s] Level 5:colcon.colcon_core.verb:set package 'pymoveit2' build argument 'ament_cmake_args' from command line to 'None'
[0.312s] Level 5:colcon.colcon_core.verb:set package 'pymoveit2' build argument 'catkin_cmake_args' from command line to 'None'
[0.312s] Level 5:colcon.colcon_core.verb:set package 'pymoveit2' build argument 'catkin_skip_building_tests' from command line to 'False'
[0.312s] DEBUG:colcon.colcon_core.verb:Building package 'pymoveit2' with the following arguments: {'ament_cmake_args': None, 'build_base': '/home/hata_ros/apps/dummy_ws/src/dummy_server/build/pymoveit2', 'catkin_cmake_args': None, 'catkin_skip_building_tests': False, 'cmake_args': ['-DCMAKE_BUILD_TYPE=Release'], 'cmake_clean_cache': False, 'cmake_clean_first': False, 'cmake_force_configure': False, 'cmake_target': None, 'cmake_target_skip_unavailable': False, 'install_base': '/home/hata_ros/apps/dummy_ws/src/dummy_server/install', 'merge_install': True, 'path': '/home/hata_ros/apps/dummy_ws/src/dummy_server', 'symlink_install': True, 'test_result_base': None}
[0.312s] INFO:colcon.colcon_core.executor:Executing jobs using 'parallel' executor
[0.313s] DEBUG:colcon.colcon_parallel_executor.executor.parallel:run_until_complete
[0.313s] INFO:colcon.colcon_ros.task.ament_cmake.build:Building ROS package in '/home/hata_ros/apps/dummy_ws/src/dummy_server' with build type 'ament_cmake'
[0.313s] INFO:colcon.colcon_cmake.task.cmake.build:Building CMake package in '/home/hata_ros/apps/dummy_ws/src/dummy_server'
[0.315s] INFO:colcon.colcon_core.plugin_system:Skipping extension 'colcon_core.shell.bat': Not used on non-Windows systems
[0.315s] INFO:colcon.colcon_core.shell:Skip shell extension 'powershell' for command environment: Not usable outside of PowerShell
[0.315s] DEBUG:colcon.colcon_core.shell:Skip shell extension 'dsv' for command environment
[0.330s] DEBUG:colcon.colcon_core.event_handler.log_command:Invoking command in '/home/hata_ros/apps/dummy_ws/src/dummy_server/build/pymoveit2': CMAKE_PREFIX_PATH=${CMAKE_PREFIX_PATH}:/home/hata_ros/apps/dummy_ws/install/dummy_controller:/home/hata_ros/apps/dummy_ws/install/dummy-ros2_description:/home/hata_ros/apps/moveit_ws/install/moveit_configs_utils:/home/hata_ros/apps/moveit_ws/install/launch_param_builder:/home/hata_ros/apps/dev_ws/install/learning_urdf:/home/hata_ros/apps/dev_ws/install/learning_topic:/home/hata_ros/apps/dev_ws/install/learning_tf:/home/hata_ros/apps/dev_ws/install/learning_service:/home/hata_ros/apps/dev_ws/install/learning_qos:/home/hata_ros/apps/dev_ws/install/learning_pkg_python:/home/hata_ros/apps/dev_ws/install/learning_parameter:/home/hata_ros/apps/dev_ws/install/learning_node:/home/hata_ros/apps/dev_ws/install/learning_launch:/home/hata_ros/apps/dev_ws/install/learning_action:/home/hata_ros/apps/dev_ws/install/learning_gazebo:/home/hata_ros/apps/dev_ws/install/learning_cv:/home/hata_ros/apps/dev_ws/install/d435:/opt/ros/humble /usr/bin/cmake --build /home/hata_ros/apps/dummy_ws/src/dummy_server/build/pymoveit2 -- -j4 -l4
[1.022s] DEBUG:colcon.colcon_core.event_handler.log_command:Invoked command in '/home/hata_ros/apps/dummy_ws/src/dummy_server/build/pymoveit2' returned '0': CMAKE_PREFIX_PATH=${CMAKE_PREFIX_PATH}:/home/hata_ros/apps/dummy_ws/install/dummy_controller:/home/hata_ros/apps/dummy_ws/install/dummy-ros2_description:/home/hata_ros/apps/moveit_ws/install/moveit_configs_utils:/home/hata_ros/apps/moveit_ws/install/launch_param_builder:/home/hata_ros/apps/dev_ws/install/learning_urdf:/home/hata_ros/apps/dev_ws/install/learning_topic:/home/hata_ros/apps/dev_ws/install/learning_tf:/home/hata_ros/apps/dev_ws/install/learning_service:/home/hata_ros/apps/dev_ws/install/learning_qos:/home/hata_ros/apps/dev_ws/install/learning_pkg_python:/home/hata_ros/apps/dev_ws/install/learning_parameter:/home/hata_ros/apps/dev_ws/install/learning_node:/home/hata_ros/apps/dev_ws/install/learning_launch:/home/hata_ros/apps/dev_ws/install/learning_action:/home/hata_ros/apps/dev_ws/install/learning_gazebo:/home/hata_ros/apps/dev_ws/install/learning_cv:/home/hata_ros/apps/dev_ws/install/d435:/opt/ros/humble /usr/bin/cmake --build /home/hata_ros/apps/dummy_ws/src/dummy_server/build/pymoveit2 -- -j4 -l4
[1.037s] DEBUG:colcon.colcon_core.event_handler.log_command:Invoking command in '/home/hata_ros/apps/dummy_ws/src/dummy_server/build/pymoveit2': CMAKE_PREFIX_PATH=${CMAKE_PREFIX_PATH}:/home/hata_ros/apps/dummy_ws/install/dummy_controller:/home/hata_ros/apps/dummy_ws/install/dummy-ros2_description:/home/hata_ros/apps/moveit_ws/install/moveit_configs_utils:/home/hata_ros/apps/moveit_ws/install/launch_param_builder:/home/hata_ros/apps/dev_ws/install/learning_urdf:/home/hata_ros/apps/dev_ws/install/learning_topic:/home/hata_ros/apps/dev_ws/install/learning_tf:/home/hata_ros/apps/dev_ws/install/learning_service:/home/hata_ros/apps/dev_ws/install/learning_qos:/home/hata_ros/apps/dev_ws/install/learning_pkg_python:/home/hata_ros/apps/dev_ws/install/learning_parameter:/home/hata_ros/apps/dev_ws/install/learning_node:/home/hata_ros/apps/dev_ws/install/learning_launch:/home/hata_ros/apps/dev_ws/install/learning_action:/home/hata_ros/apps/dev_ws/install/learning_gazebo:/home/hata_ros/apps/dev_ws/install/learning_cv:/home/hata_ros/apps/dev_ws/install/d435:/opt/ros/humble /usr/bin/cmake --install /home/hata_ros/apps/dummy_ws/src/dummy_server/build/pymoveit2
[1.170s] Level 1:colcon.colcon_core.environment:create_environment_scripts_only(pymoveit2)
[1.171s] DEBUG:colcon.colcon_core.event_handler.log_command:Invoked command in '/home/hata_ros/apps/dummy_ws/src/dummy_server/build/pymoveit2' returned '0': CMAKE_PREFIX_PATH=${CMAKE_PREFIX_PATH}:/home/hata_ros/apps/dummy_ws/install/dummy_controller:/home/hata_ros/apps/dummy_ws/install/dummy-ros2_description:/home/hata_ros/apps/moveit_ws/install/moveit_configs_utils:/home/hata_ros/apps/moveit_ws/install/launch_param_builder:/home/hata_ros/apps/dev_ws/install/learning_urdf:/home/hata_ros/apps/dev_ws/install/learning_topic:/home/hata_ros/apps/dev_ws/install/learning_tf:/home/hata_ros/apps/dev_ws/install/learning_service:/home/hata_ros/apps/dev_ws/install/learning_qos:/home/hata_ros/apps/dev_ws/install/learning_pkg_python:/home/hata_ros/apps/dev_ws/install/learning_parameter:/home/hata_ros/apps/dev_ws/install/learning_node:/home/hata_ros/apps/dev_ws/install/learning_launch:/home/hata_ros/apps/dev_ws/install/learning_action:/home/hata_ros/apps/dev_ws/install/learning_gazebo:/home/hata_ros/apps/dev_ws/install/learning_cv:/home/hata_ros/apps/dev_ws/install/d435:/opt/ros/humble /usr/bin/cmake --install /home/hata_ros/apps/dummy_ws/src/dummy_server/build/pymoveit2
[1.173s] Level 1:colcon.colcon_core.environment:checking '/home/hata_ros/apps/dummy_ws/src/dummy_server/install' for CMake module files
[1.174s] Level 1:colcon.colcon_core.environment:checking '/home/hata_ros/apps/dummy_ws/src/dummy_server/install' for CMake config files
[1.175s] Level 1:colcon.colcon_core.shell:create_environment_hook('pymoveit2', 'cmake_prefix_path')
[1.175s] INFO:colcon.colcon_core.shell:Creating environment hook '/home/hata_ros/apps/dummy_ws/src/dummy_server/install/share/pymoveit2/hook/cmake_prefix_path.ps1'
[1.176s] INFO:colcon.colcon_core.shell:Creating environment descriptor '/home/hata_ros/apps/dummy_ws/src/dummy_server/install/share/pymoveit2/hook/cmake_prefix_path.dsv'
[1.176s] INFO:colcon.colcon_core.shell:Creating environment hook '/home/hata_ros/apps/dummy_ws/src/dummy_server/install/share/pymoveit2/hook/cmake_prefix_path.sh'
[1.177s] Level 1:colcon.colcon_core.environment:checking '/home/hata_ros/apps/dummy_ws/src/dummy_server/install/lib'
[1.177s] Level 1:colcon.colcon_core.environment:checking '/home/hata_ros/apps/dummy_ws/src/dummy_server/install/bin'
[1.177s] Level 1:colcon.colcon_core.environment:checking '/home/hata_ros/apps/dummy_ws/src/dummy_server/install/lib/pkgconfig/pymoveit2.pc'
[1.177s] Level 1:colcon.colcon_core.environment:checking '/home/hata_ros/apps/dummy_ws/src/dummy_server/install/lib/python3.10/site-packages'
[1.177s] Level 1:colcon.colcon_core.environment:checking '/home/hata_ros/apps/dummy_ws/src/dummy_server/install/bin'
[1.178s] INFO:colcon.colcon_core.shell:Creating package script '/home/hata_ros/apps/dummy_ws/src/dummy_server/install/share/pymoveit2/package.ps1'
[1.178s] INFO:colcon.colcon_core.shell:Creating package descriptor '/home/hata_ros/apps/dummy_ws/src/dummy_server/install/share/pymoveit2/package.dsv'
[1.179s] INFO:colcon.colcon_core.shell:Creating package script '/home/hata_ros/apps/dummy_ws/src/dummy_server/install/share/pymoveit2/package.sh'
[1.179s] INFO:colcon.colcon_core.shell:Creating package script '/home/hata_ros/apps/dummy_ws/src/dummy_server/install/share/pymoveit2/package.bash'
[1.179s] INFO:colcon.colcon_core.shell:Creating package script '/home/hata_ros/apps/dummy_ws/src/dummy_server/install/share/pymoveit2/package.zsh'
[1.180s] Level 1:colcon.colcon_core.environment:create_file_with_runtime_dependencies(/home/hata_ros/apps/dummy_ws/src/dummy_server/install/share/colcon-core/packages/pymoveit2)
[1.180s] Level 1:colcon.colcon_core.environment:create_environment_scripts_only(pymoveit2)
[1.180s] Level 1:colcon.colcon_core.environment:checking '/home/hata_ros/apps/dummy_ws/src/dummy_server/install' for CMake module files
[1.181s] Level 1:colcon.colcon_core.environment:checking '/home/hata_ros/apps/dummy_ws/src/dummy_server/install' for CMake config files
[1.181s] Level 1:colcon.colcon_core.shell:create_environment_hook('pymoveit2', 'cmake_prefix_path')
[1.181s] INFO:colcon.colcon_core.shell:Creating environment hook '/home/hata_ros/apps/dummy_ws/src/dummy_server/install/share/pymoveit2/hook/cmake_prefix_path.ps1'
[1.181s] INFO:colcon.colcon_core.shell:Creating environment descriptor '/home/hata_ros/apps/dummy_ws/src/dummy_server/install/share/pymoveit2/hook/cmake_prefix_path.dsv'
[1.182s] INFO:colcon.colcon_core.shell:Creating environment hook '/home/hata_ros/apps/dummy_ws/src/dummy_server/install/share/pymoveit2/hook/cmake_prefix_path.sh'
[1.182s] Level 1:colcon.colcon_core.environment:checking '/home/hata_ros/apps/dummy_ws/src/dummy_server/install/lib'
[1.182s] Level 1:colcon.colcon_core.environment:checking '/home/hata_ros/apps/dummy_ws/src/dummy_server/install/bin'
[1.182s] Level 1:colcon.colcon_core.environment:checking '/home/hata_ros/apps/dummy_ws/src/dummy_server/install/lib/pkgconfig/pymoveit2.pc'
[1.183s] Level 1:colcon.colcon_core.environment:checking '/home/hata_ros/apps/dummy_ws/src/dummy_server/install/lib/python3.10/site-packages'
[1.183s] Level 1:colcon.colcon_core.environment:checking '/home/hata_ros/apps/dummy_ws/src/dummy_server/install/bin'
[1.183s] INFO:colcon.colcon_core.shell:Creating package script '/home/hata_ros/apps/dummy_ws/src/dummy_server/install/share/pymoveit2/package.ps1'
[1.183s] INFO:colcon.colcon_core.shell:Creating package descriptor '/home/hata_ros/apps/dummy_ws/src/dummy_server/install/share/pymoveit2/package.dsv'
[1.183s] INFO:colcon.colcon_core.shell:Creating package script '/home/hata_ros/apps/dummy_ws/src/dummy_server/install/share/pymoveit2/package.sh'
[1.184s] INFO:colcon.colcon_core.shell:Creating package script '/home/hata_ros/apps/dummy_ws/src/dummy_server/install/share/pymoveit2/package.bash'
[1.184s] INFO:colcon.colcon_core.shell:Creating package script '/home/hata_ros/apps/dummy_ws/src/dummy_server/install/share/pymoveit2/package.zsh'
[1.184s] Level 1:colcon.colcon_core.environment:create_file_with_runtime_dependencies(/home/hata_ros/apps/dummy_ws/src/dummy_server/install/share/colcon-core/packages/pymoveit2)
[1.185s] DEBUG:colcon.colcon_parallel_executor.executor.parallel:closing loop
[1.185s] DEBUG:colcon.colcon_parallel_executor.executor.parallel:loop closed
[1.185s] DEBUG:colcon.colcon_parallel_executor.executor.parallel:run_until_complete finished with '0'
[1.185s] DEBUG:colcon.colcon_core.event_reactor:joining thread
[1.192s] INFO:colcon.colcon_core.plugin_system:Skipping extension 'colcon_notification.desktop_notification.terminal_notifier': Not used on non-Darwin systems
[1.192s] INFO:colcon.colcon_core.plugin_system:Skipping extension 'colcon_notification.desktop_notification.win32': Not used on non-Windows systems
[1.192s] INFO:colcon.colcon_notification.desktop_notification:Sending desktop notification using 'notify2'
[1.206s] DEBUG:colcon.colcon_core.event_reactor:joined thread
[1.206s] INFO:colcon.colcon_core.shell:Creating prefix script '/home/hata_ros/apps/dummy_ws/src/dummy_server/install/local_setup.ps1'
[1.207s] INFO:colcon.colcon_core.shell:Creating prefix util module '/home/hata_ros/apps/dummy_ws/src/dummy_server/install/_local_setup_util_ps1.py'
[1.208s] INFO:colcon.colcon_core.shell:Creating prefix chain script '/home/hata_ros/apps/dummy_ws/src/dummy_server/install/setup.ps1'
[1.211s] INFO:colcon.colcon_core.shell:Creating prefix script '/home/hata_ros/apps/dummy_ws/src/dummy_server/install/local_setup.sh'
[1.212s] INFO:colcon.colcon_core.shell:Creating prefix util module '/home/hata_ros/apps/dummy_ws/src/dummy_server/install/_local_setup_util_sh.py'
[1.213s] INFO:colcon.colcon_core.shell:Creating prefix chain script '/home/hata_ros/apps/dummy_ws/src/dummy_server/install/setup.sh'
[1.216s] INFO:colcon.colcon_core.shell:Creating prefix script '/home/hata_ros/apps/dummy_ws/src/dummy_server/install/local_setup.bash'
[1.216s] INFO:colcon.colcon_core.shell:Creating prefix chain script '/home/hata_ros/apps/dummy_ws/src/dummy_server/install/setup.bash'
[1.218s] INFO:colcon.colcon_core.shell:Creating prefix script '/home/hata_ros/apps/dummy_ws/src/dummy_server/install/local_setup.zsh'
[1.219s] INFO:colcon.colcon_core.shell:Creating prefix chain script '/home/hata_ros/apps/dummy_ws/src/dummy_server/install/setup.zsh'
